*** Using Compiler 'V6.16', folder: 'C:\Keil_v5\ARM\ARMCLANG\Bin'
Rebuild target 'Target 1'
compiling soft_schd.c...
compiling pid.c...
compiling pwm6.c...
compiling mc_math.c...
compiling main.c...
compiling gd32f30x_it.c...
compiling usart.c...
compiling enc.c...
compiling fitness.c...
compiling foc.c...
compiling bsp_adc.c...
compiling FYLsin.c...
compiling systick.c...
compiling encoder.c...
compiling ntc_lut_mos.c...
compiling ntc_lut_motor.c...
compiling CAN.c...
compiling log_hex.c...
compiling SEGGER_RTT_printf.c...
compiling PROTECT.c...
compiling FMC.c...
compiling SEGGER_RTT.c...
compiling gd32f30x_adc.c...
compiling gd32f30x_bkp.c...
compiling gd32f30x_can.c...
compiling gd32f30x_crc.c...
compiling gd32f30x_ctc.c...
compiling gd32f30x_dac.c...
compiling gd32f30x_dbg.c...
compiling gd32f30x_enet.c...
compiling gd32f30x_dma.c...
compiling gd32f30x_exmc.c...
compiling gd32f30x_exti.c...
compiling gd32f30x_fwdgt.c...
compiling gd32f30x_gpio.c...
compiling gd32f30x_misc.c...
compiling gd32f30x_i2c.c...
compiling gd32f30x_fmc.c...
compiling gd32f30x_rtc.c...
compiling gd32f30x_pmu.c...
compiling gd32f30x_rcu.c...
compiling gd32f30x_sdio.c...
compiling gd32f30x_spi.c...
compiling gd32f30x_wwdgt.c...
assembling startup_gd32f30x_hd.s...
compiling system_gd32f30x.c...
compiling gd32f30x_usart.c...
compiling gd32f30x_timer.c...
linking...
Program Size: Code=31278 RO-data=6726 RW-data=240 ZI-data=4248  
FromELF: creating hex file...
After Build - User command #1: fromelf.exe  --bin -o "e:\gym equipment\code\code\benmo_f303_keil5-D148-Imbody\benmo_f303\mdk\Objects\f303.bin" "e:\gym equipment\code\code\benmo_f303_keil5-D148-Imbody\benmo_f303\mdk\Objects\f303.axf"
".\Objects\f303.axf" - 0 Error(s), 0 Warning(s).
Build Time Elapsed:  00:00:02
